Determining if the pthread_create exist failed with the following output:
Change Dir: /home/rafael/VrepUR3/catkin_ur3/build/CMakeFiles/CMakeTmp

Run Build Command:"/usr/bin/make" "cmTC_6cb1f/fast"
/usr/bin/make -f CMakeFiles/cmTC_6cb1f.dir/build.make CMakeFiles/cmTC_6cb1f.dir/build
make[1]: Entering directory '/home/rafael/VrepUR3/catkin_ur3/build/CMakeFiles/CMakeTmp'
Building C object CMakeFiles/cmTC_6cb1f.dir/CheckSymbolExists.c.o
/usr/bin/cc    -o CMakeFiles/cmTC_6cb1f.dir/CheckSymbolExists.c.o   -c /home/rafael/VrepUR3/catkin_ur3/build/CMakeFiles/CMakeTmp/CheckSymbolExists.c
Linking C executable cmTC_6cb1f
/usr/bin/cmake -E cmake_link_script CMakeFiles/cmTC_6cb1f.dir/link.txt --verbose=1
/usr/bin/cc      -rdynamic CMakeFiles/cmTC_6cb1f.dir/CheckSymbolExists.c.o  -o cmTC_6cb1f 
CMakeFiles/cmTC_6cb1f.dir/CheckSymbolExists.c.o: In function `main':
CheckSymbolExists.c:(.text+0x1b): undefined reference to `pthread_create'
collect2: error: ld returned 1 exit status
CMakeFiles/cmTC_6cb1f.dir/build.make:97: recipe for target 'cmTC_6cb1f' failed
make[1]: *** [cmTC_6cb1f] Error 1
make[1]: Leaving directory '/home/rafael/VrepUR3/catkin_ur3/build/CMakeFiles/CMakeTmp'
Makefile:126: recipe for target 'cmTC_6cb1f/fast' failed
make: *** [cmTC_6cb1f/fast] Error 2

File /home/rafael/VrepUR3/catkin_ur3/build/CMakeFiles/CMakeTmp/CheckSymbolExists.c:
/* */
#include <pthread.h>

int main(int argc, char** argv)
{
  (void)argv;
#ifndef pthread_create
  return ((int*)(&pthread_create))[argc];
#else
  (void)argc;
  return 0;
#endif
}

Determining if the function pthread_create exists in the pthreads failed with the following output:
Change Dir: /home/rafael/VrepUR3/catkin_ur3/build/CMakeFiles/CMakeTmp

Run Build Command:"/usr/bin/make" "cmTC_ec254/fast"
/usr/bin/make -f CMakeFiles/cmTC_ec254.dir/build.make CMakeFiles/cmTC_ec254.dir/build
make[1]: Entering directory '/home/rafael/VrepUR3/catkin_ur3/build/CMakeFiles/CMakeTmp'
Building C object CMakeFiles/cmTC_ec254.dir/CheckFunctionExists.c.o
/usr/bin/cc   -DCHECK_FUNCTION_EXISTS=pthread_create   -o CMakeFiles/cmTC_ec254.dir/CheckFunctionExists.c.o   -c /usr/share/cmake-3.10/Modules/CheckFunctionExists.c
Linking C executable cmTC_ec254
/usr/bin/cmake -E cmake_link_script CMakeFiles/cmTC_ec254.dir/link.txt --verbose=1
/usr/bin/cc  -DCHECK_FUNCTION_EXISTS=pthread_create    -rdynamic CMakeFiles/cmTC_ec254.dir/CheckFunctionExists.c.o  -o cmTC_ec254 -lpthreads 
/usr/bin/ld: cannot find -lpthreads
collect2: error: ld returned 1 exit status
CMakeFiles/cmTC_ec254.dir/build.make:97: recipe for target 'cmTC_ec254' failed
make[1]: *** [cmTC_ec254] Error 1
make[1]: Leaving directory '/home/rafael/VrepUR3/catkin_ur3/build/CMakeFiles/CMakeTmp'
Makefile:126: recipe for target 'cmTC_ec254/fast' failed
make: *** [cmTC_ec254/fast] Error 2


